<?xml version="1.0" encoding="UTF-8"?>
<!-- Generated by org.testng.reporters.JUnitReportReporter -->
<testsuite hostname="DESKTOP-9UDN708" failures="0" tests="2" name="tests.LoginTest" time="24.579" errors="0" timestamp="15 Nov 2024 09:26:27 GMT" skipped="0">
  <testcase classname="tests.LoginTest" name="login" time="9.882"/>
  <testcase classname="tests.LoginTest" name="login" time="14.697"/>
</testsuite> <!-- tests.LoginTest -->
