<?xml version="1.0" encoding="UTF-8"?>
<!-- Generated by org.testng.reporters.JUnitReportReporter -->
<testsuite hostname="DESKTOP-9UDN708" failures="0" tests="1" name="tests.TwoTest" time="6.490" errors="0" timestamp="15 Nov 2024 09:26:27 GMT" skipped="0">
  <testcase classname="tests.TwoTest" name="testTwo" time="6.490"/>
</testsuite> <!-- tests.TwoTest -->
