<?xml version="1.0" encoding="UTF-8"?>
<!-- Generated by org.testng.reporters.JUnitReportReporter -->
<testsuite hostname="DESKTOP-9UDN708" failures="0" tests="1" name="runner.Runner" time="5.293" errors="0" timestamp="15 Nov 2024 10:08:23 GMT" skipped="0">
  <testcase classname="runner.Runner" name="runScenario" time="5.293"/>
</testsuite> <!-- runner.Runner -->
